Info: Starting: Create block symbol file (.bsf)
Info: qsys-generate D:\intelFPGA_lite\17.1\PCIeHello\pcie_core_mem.qsys --block-symbol-file --output-directory=D:\intelFPGA_lite\17.1\PCIeHello\pcie_core_mem --family="Cyclone IV GX" --part=EP4CGX150DF31C8
Progress: Loading PCIeHello/pcie_core_mem.qsys
Progress: Reading input file
Progress: Adding Actuator [Actuator 1.0]
Progress: Parameterizing module Actuator
Progress: Adding OrAtom [OrAtom 1.0]
Progress: Parameterizing module OrAtom
Progress: Adding PCIe_hard_ip [altera_pcie_hard_ip 17.1]
Progress: Parameterizing module PCIe_hard_ip
Progress: Adding RamDes [RamDes 1.0]
Progress: Parameterizing module RamDes
Progress: Adding RamSrc [RamSrc 1.0]
Progress: Parameterizing module RamSrc
Progress: Adding RegMask [RegMask 1.0]
Progress: Parameterizing module RegMask
Progress: Building connections
Progress: Parameterizing connections
Progress: Validating
Progress: Done reading input file
Warning: pcie_core_mem.pcie_core_mem: Module dependency loop involving: "PCIe_hard_ip" (altera_pcie_hard_ip 17.1)
Info: pcie_core_mem.PCIe_hard_ip:  Rx Master BAR 0 mapped to 16 -bit Avalon-MM address
Warning: pcie_core_mem.PCIe_hard_ip.PCIe_hard_ip: Module dependency loop involving: "pcie_internal_hip" (altera_pcie_internal_hard_ip_qsys 17.1)
Warning: pcie_core_mem.PCIe_hard_ip.PCIe_hard_ip: Module dependency loop involving: "avalon_clk" (altera_clock_bridge 17.1), "pcie_internal_hip" (altera_pcie_internal_hard_ip_qsys 17.1)
Info: pcie_core_mem.PCIe_hard_ip.pcie_internal_hip:  Txs Address width is 15
Info: pcie_core_mem.PCIe_hard_ip.pcie_internal_hip: Application clock frequency is 125 Mhz 
Warning: pcie_core_mem.PCIe_hard_ip.pcie_internal_hip.app_msi_ack: Interface has no signals
Warning: pcie_core_mem.PCIe_hard_ip.pcie_internal_hip.app_msi_num: Interface has no signals
Warning: pcie_core_mem.PCIe_hard_ip.pcie_internal_hip.app_msi_req: Interface has no signals
Warning: pcie_core_mem.PCIe_hard_ip.pcie_internal_hip.test_out_export: Interface has no signals
Info: pcie_core_mem.PCIe_hard_ip.altgx_internal: Family: Cyclone IV GX
Info: pcie_core_mem.PCIe_hard_ip.altgx_internal: Lanes: 1
Warning: pcie_core_mem.PCIe_hard_ip.pcie_internal_hip: pcie_internal_hip.pcie_core_clk cannot be both connected and exported
Warning: pcie_core_mem.PCIe_hard_ip.pcie_internal_hip: pcie_internal_hip.app_msi_ack must be exported, or connected to a matching conduit.
Warning: pcie_core_mem.PCIe_hard_ip.pcie_internal_hip: pcie_internal_hip.rc_rx_analogreset must be exported, or connected to a matching conduit.
Warning: pcie_core_mem.PCIe_hard_ip.pcie_internal_hip: pcie_internal_hip.rc_rx_digitalreset must be exported, or connected to a matching conduit.
Warning: pcie_core_mem.PCIe_hard_ip.pcie_internal_hip: pcie_internal_hip.app_msi_num must be exported, or connected to a matching conduit.
Warning: pcie_core_mem.PCIe_hard_ip.pcie_internal_hip: pcie_internal_hip.app_msi_req must be exported, or connected to a matching conduit.
Warning: pcie_core_mem.PCIe_hard_ip.pcie_internal_hip: pcie_internal_hip.msi_interface_export must be exported, or connected to a matching conduit.
Warning: pcie_core_mem.PCIe_hard_ip.pcie_internal_hip: pcie_internal_hip.tx_deemph_0 must be exported, or connected to a matching conduit.
Warning: pcie_core_mem.PCIe_hard_ip.pcie_internal_hip: pcie_internal_hip.tx_margin_0 must be exported, or connected to a matching conduit.
Warning: pcie_core_mem.PCIe_hard_ip.pcie_internal_hip: pcie_internal_hip.test_out_export must be exported, or connected to a matching conduit.
Warning: pcie_core_mem.PCIe_hard_ip.pipe_interface_internal: pipe_interface_internal.pll_powerdown_pcs must be exported, or connected to a matching conduit.
Warning: pcie_core_mem.PCIe_hard_ip.pipe_interface_internal: pipe_interface_internal.rateswitch_pcs must be exported, or connected to a matching conduit.
Warning: pcie_core_mem.PCIe_hard_ip.pipe_interface_internal: pipe_interface_internal.rateswitchbaseclock_pcs must be exported, or connected to a matching conduit.
Warning: pcie_core_mem.PCIe_hard_ip.refclk_conduit: refclk_conduit.conduit_out_2 must be exported, or connected to a matching conduit.
Warning: pcie_core_mem.PCIe_hard_ip.refclk_conduit: refclk_conduit.conduit_out_3 must be exported, or connected to a matching conduit.
Warning: pcie_core_mem.PCIe_hard_ip.refclk_conduit: refclk_conduit.conduit_out_4 must be exported, or connected to a matching conduit.
Warning: pcie_core_mem.PCIe_hard_ip.refclk_conduit: refclk_conduit.conduit_out_5 must be exported, or connected to a matching conduit.
Warning: pcie_core_mem.PCIe_hard_ip.refclk_conduit: refclk_conduit.conduit_out_6 must be exported, or connected to a matching conduit.
Warning: pcie_core_mem.PCIe_hard_ip.refclk_conduit: refclk_conduit.conduit_out_7 must be exported, or connected to a matching conduit.
Warning: pcie_core_mem.PCIe_hard_ip.refclk_conduit: refclk_conduit.conduit_out_8 must be exported, or connected to a matching conduit.
Warning: pcie_core_mem.PCIe_hard_ip.refclk_conduit: refclk_conduit.conduit_out_9 must be exported, or connected to a matching conduit.
Warning: pcie_core_mem.PCIe_hard_ip.reset_controller_internal: reset_controller_internal.reset_n_out cannot be both connected and exported
Warning: pcie_core_mem.PCIe_hard_ip: PCIe_hard_ip.test_in must be exported, or connected to a matching conduit.
Warning: pcie_core_mem.PCIe_hard_ip: PCIe_hard_ip.clocks_sim must be exported, or connected to a matching conduit.
Warning: pcie_core_mem.PCIe_hard_ip: PCIe_hard_ip.reconfig_busy must be exported, or connected to a matching conduit.
Warning: pcie_core_mem.PCIe_hard_ip: PCIe_hard_ip.pipe_ext must be exported, or connected to a matching conduit.
Warning: pcie_core_mem.PCIe_hard_ip: PCIe_hard_ip.powerdown must be exported, or connected to a matching conduit.
Warning: pcie_core_mem.PCIe_hard_ip: PCIe_hard_ip.reconfig_togxb must be exported, or connected to a matching conduit.
Warning: pcie_core_mem.PCIe_hard_ip: PCIe_hard_ip.reconfig_fromgxb_0 must be exported, or connected to a matching conduit.
Warning: pcie_core_mem.PCIe_hard_ip: Interrupt sender PCIe_hard_ip.cra_irq is not connected to an interrupt receiver
Info: qsys-generate succeeded.
Info: Finished: Create block symbol file (.bsf)
Info: 
Info: Starting: Create HDL design files for synthesis
Info: qsys-generate D:\intelFPGA_lite\17.1\PCIeHello\pcie_core_mem.qsys --synthesis=VERILOG --output-directory=D:\intelFPGA_lite\17.1\PCIeHello\pcie_core_mem\synthesis --family="Cyclone IV GX" --part=EP4CGX150DF31C8
Progress: Loading PCIeHello/pcie_core_mem.qsys
Progress: Reading input file
Progress: Adding Actuator [Actuator 1.0]
Progress: Parameterizing module Actuator
Progress: Adding OrAtom [OrAtom 1.0]
Progress: Parameterizing module OrAtom
Progress: Adding PCIe_hard_ip [altera_pcie_hard_ip 17.1]
Progress: Parameterizing module PCIe_hard_ip
Progress: Adding RamDes [RamDes 1.0]
Progress: Parameterizing module RamDes
Progress: Adding RamSrc [RamSrc 1.0]
Progress: Parameterizing module RamSrc
Progress: Adding RegMask [RegMask 1.0]
Progress: Parameterizing module RegMask
Progress: Building connections
Progress: Parameterizing connections
Progress: Validating
Progress: Done reading input file
Warning: pcie_core_mem.pcie_core_mem: Module dependency loop involving: "PCIe_hard_ip" (altera_pcie_hard_ip 17.1)
Info: pcie_core_mem.PCIe_hard_ip:  Rx Master BAR 0 mapped to 16 -bit Avalon-MM address
Warning: pcie_core_mem.PCIe_hard_ip.PCIe_hard_ip: Module dependency loop involving: "pcie_internal_hip" (altera_pcie_internal_hard_ip_qsys 17.1)
Warning: pcie_core_mem.PCIe_hard_ip.PCIe_hard_ip: Module dependency loop involving: "pcie_internal_hip" (altera_pcie_internal_hard_ip_qsys 17.1), "avalon_clk" (altera_clock_bridge 17.1)
Info: pcie_core_mem.PCIe_hard_ip.pcie_internal_hip:  Txs Address width is 15
Info: pcie_core_mem.PCIe_hard_ip.pcie_internal_hip: Application clock frequency is 125 Mhz 
Warning: pcie_core_mem.PCIe_hard_ip.pcie_internal_hip.app_msi_ack: Interface has no signals
Warning: pcie_core_mem.PCIe_hard_ip.pcie_internal_hip.app_msi_num: Interface has no signals
Warning: pcie_core_mem.PCIe_hard_ip.pcie_internal_hip.app_msi_req: Interface has no signals
Warning: pcie_core_mem.PCIe_hard_ip.pcie_internal_hip.test_out_export: Interface has no signals
Info: pcie_core_mem.PCIe_hard_ip.altgx_internal: Family: Cyclone IV GX
Info: pcie_core_mem.PCIe_hard_ip.altgx_internal: Lanes: 1
Warning: pcie_core_mem.PCIe_hard_ip.pcie_internal_hip: pcie_internal_hip.pcie_core_clk cannot be both connected and exported
Warning: pcie_core_mem.PCIe_hard_ip.pcie_internal_hip: pcie_internal_hip.app_msi_ack must be exported, or connected to a matching conduit.
Warning: pcie_core_mem.PCIe_hard_ip.pcie_internal_hip: pcie_internal_hip.rc_rx_analogreset must be exported, or connected to a matching conduit.
Warning: pcie_core_mem.PCIe_hard_ip.pcie_internal_hip: pcie_internal_hip.rc_rx_digitalreset must be exported, or connected to a matching conduit.
Warning: pcie_core_mem.PCIe_hard_ip.pcie_internal_hip: pcie_internal_hip.app_msi_num must be exported, or connected to a matching conduit.
Warning: pcie_core_mem.PCIe_hard_ip.pcie_internal_hip: pcie_internal_hip.app_msi_req must be exported, or connected to a matching conduit.
Warning: pcie_core_mem.PCIe_hard_ip.pcie_internal_hip: pcie_internal_hip.msi_interface_export must be exported, or connected to a matching conduit.
Warning: pcie_core_mem.PCIe_hard_ip.pcie_internal_hip: pcie_internal_hip.tx_deemph_0 must be exported, or connected to a matching conduit.
Warning: pcie_core_mem.PCIe_hard_ip.pcie_internal_hip: pcie_internal_hip.tx_margin_0 must be exported, or connected to a matching conduit.
Warning: pcie_core_mem.PCIe_hard_ip.pcie_internal_hip: pcie_internal_hip.test_out_export must be exported, or connected to a matching conduit.
Warning: pcie_core_mem.PCIe_hard_ip.pipe_interface_internal: pipe_interface_internal.pll_powerdown_pcs must be exported, or connected to a matching conduit.
Warning: pcie_core_mem.PCIe_hard_ip.pipe_interface_internal: pipe_interface_internal.rateswitch_pcs must be exported, or connected to a matching conduit.
Warning: pcie_core_mem.PCIe_hard_ip.pipe_interface_internal: pipe_interface_internal.rateswitchbaseclock_pcs must be exported, or connected to a matching conduit.
Warning: pcie_core_mem.PCIe_hard_ip.refclk_conduit: refclk_conduit.conduit_out_2 must be exported, or connected to a matching conduit.
Warning: pcie_core_mem.PCIe_hard_ip.refclk_conduit: refclk_conduit.conduit_out_3 must be exported, or connected to a matching conduit.
Warning: pcie_core_mem.PCIe_hard_ip.refclk_conduit: refclk_conduit.conduit_out_4 must be exported, or connected to a matching conduit.
Warning: pcie_core_mem.PCIe_hard_ip.refclk_conduit: refclk_conduit.conduit_out_5 must be exported, or connected to a matching conduit.
Warning: pcie_core_mem.PCIe_hard_ip.refclk_conduit: refclk_conduit.conduit_out_6 must be exported, or connected to a matching conduit.
Warning: pcie_core_mem.PCIe_hard_ip.refclk_conduit: refclk_conduit.conduit_out_7 must be exported, or connected to a matching conduit.
Warning: pcie_core_mem.PCIe_hard_ip.refclk_conduit: refclk_conduit.conduit_out_8 must be exported, or connected to a matching conduit.
Warning: pcie_core_mem.PCIe_hard_ip.refclk_conduit: refclk_conduit.conduit_out_9 must be exported, or connected to a matching conduit.
Warning: pcie_core_mem.PCIe_hard_ip.reset_controller_internal: reset_controller_internal.reset_n_out cannot be both connected and exported
Warning: pcie_core_mem.PCIe_hard_ip: PCIe_hard_ip.test_in must be exported, or connected to a matching conduit.
Warning: pcie_core_mem.PCIe_hard_ip: PCIe_hard_ip.clocks_sim must be exported, or connected to a matching conduit.
Warning: pcie_core_mem.PCIe_hard_ip: PCIe_hard_ip.reconfig_busy must be exported, or connected to a matching conduit.
Warning: pcie_core_mem.PCIe_hard_ip: PCIe_hard_ip.pipe_ext must be exported, or connected to a matching conduit.
Warning: pcie_core_mem.PCIe_hard_ip: PCIe_hard_ip.powerdown must be exported, or connected to a matching conduit.
Warning: pcie_core_mem.PCIe_hard_ip: PCIe_hard_ip.reconfig_togxb must be exported, or connected to a matching conduit.
Warning: pcie_core_mem.PCIe_hard_ip: PCIe_hard_ip.reconfig_fromgxb_0 must be exported, or connected to a matching conduit.
Warning: pcie_core_mem.PCIe_hard_ip: Interrupt sender PCIe_hard_ip.cra_irq is not connected to an interrupt receiver
Info: pcie_core_mem: Generating pcie_core_mem "pcie_core_mem" for QUARTUS_SYNTH
Info: Actuator: "pcie_core_mem" instantiated Actuator "Actuator"
Info: OrAtom: "pcie_core_mem" instantiated OrAtom "OrAtom"
Info: PCIe_hard_ip: "pcie_core_mem" instantiated altera_pcie_hard_ip "PCIe_hard_ip"
Info: RamDes: "pcie_core_mem" instantiated RamDes "RamDes"
Info: RamSrc: "pcie_core_mem" instantiated RamSrc "RamSrc"
Info: RegMask: "pcie_core_mem" instantiated RegMask "RegMask"
Info: avalon_st_adapter: Inserting error_adapter: error_adapter_0
Info: avalon_st_adapter_001: Inserting error_adapter: error_adapter_0
Info: avalon_st_adapter_002: Inserting error_adapter: error_adapter_0
Info: avalon_st_adapter_003: Inserting error_adapter: error_adapter_0
Info: avalon_st_adapter_004: Inserting error_adapter: error_adapter_0
Info: avalon_st_adapter_005: Inserting error_adapter: error_adapter_0
Info: mm_interconnect_0: "pcie_core_mem" instantiated altera_mm_interconnect "mm_interconnect_0"
Info: irq_mapper: "pcie_core_mem" instantiated altera_irq_mapper "irq_mapper"
Info: rst_controller: "pcie_core_mem" instantiated altera_reset_controller "rst_controller"
Info: pcie_internal_hip: "PCIe_hard_ip" instantiated altera_pcie_internal_hard_ip_qsys "pcie_internal_hip"
Info: altgx_internal: Family: Cyclone IV GX
Info: altgx_internal: Subprotocol: Gen 1-x1
Info: altgx_internal: qmegawiz -silent module=alt_c3gxb LOCKDOWN_EXCL=PCIE IP_MODE=PCIE_HIP_8 gxb_analog_power=AUTO tx_analog_power=AUTO elec_idle_infer_enable=false tx_allow_polarity_inversion=false rx_cdrctrl_enable=true hip_tx_clkout rx_elecidleinfersel fixedclk enable_0ppm=false pll_powerdown intended_device_family=cycloneiv starting_channel_number=84   deviceFamily="Cyclone IV GX"  wiz_subprotocol="Gen 1-x1"  OPTIONAL_FILES=NONE pcie_core_mem_PCIe_hard_ip_altgx_internal.v
Info: altgx_internal: "PCIe_hard_ip" instantiated altera_pcie_internal_altgx "altgx_internal"
Info: reset_controller_internal: "PCIe_hard_ip" instantiated altera_pcie_internal_reset_controller_qsys "reset_controller_internal"
Info: pipe_interface_internal: "PCIe_hard_ip" instantiated altera_pcie_internal_pipe_interface_qsys "pipe_interface_internal"
Info: PCIe_hard_ip_bar0_translator: "mm_interconnect_0" instantiated altera_merlin_master_translator "PCIe_hard_ip_bar0_translator"
Info: PCIe_hard_ip_cra_translator: "mm_interconnect_0" instantiated altera_merlin_slave_translator "PCIe_hard_ip_cra_translator"
Info: PCIe_hard_ip_bar0_agent: "mm_interconnect_0" instantiated altera_merlin_master_agent "PCIe_hard_ip_bar0_agent"
Info: PCIe_hard_ip_cra_agent: "mm_interconnect_0" instantiated altera_merlin_slave_agent "PCIe_hard_ip_cra_agent"
Info: PCIe_hard_ip_cra_agent_rsp_fifo: "mm_interconnect_0" instantiated altera_avalon_sc_fifo "PCIe_hard_ip_cra_agent_rsp_fifo"
Info: router: "mm_interconnect_0" instantiated altera_merlin_router "router"
Info: router_001: "mm_interconnect_0" instantiated altera_merlin_router "router_001"
Info: router_005: "mm_interconnect_0" instantiated altera_merlin_router "router_005"
Info: router_006: "mm_interconnect_0" instantiated altera_merlin_router "router_006"
Info: PCIe_hard_ip_bar0_limiter: "mm_interconnect_0" instantiated altera_merlin_traffic_limiter "PCIe_hard_ip_bar0_limiter"
Info: Reusing file D:/intelFPGA_lite/17.1/PCIeHello/pcie_core_mem/synthesis/submodules/altera_avalon_sc_fifo.v
Info: PCIe_hard_ip_cra_burst_adapter: "mm_interconnect_0" instantiated altera_merlin_burst_adapter "PCIe_hard_ip_cra_burst_adapter"
Info: Reusing file D:/intelFPGA_lite/17.1/PCIeHello/pcie_core_mem/synthesis/submodules/altera_avalon_st_pipeline_base.v
Info: cmd_demux: "mm_interconnect_0" instantiated altera_merlin_demultiplexer "cmd_demux"
Info: cmd_mux: "mm_interconnect_0" instantiated altera_merlin_multiplexer "cmd_mux"
Info: rsp_demux: "mm_interconnect_0" instantiated altera_merlin_demultiplexer "rsp_demux"
Info: rsp_mux: "mm_interconnect_0" instantiated altera_merlin_multiplexer "rsp_mux"
Info: Reusing file D:/intelFPGA_lite/17.1/PCIeHello/pcie_core_mem/synthesis/submodules/altera_merlin_arbitrator.sv
Info: PCIe_hard_ip_cra_rsp_width_adapter: "mm_interconnect_0" instantiated altera_merlin_width_adapter "PCIe_hard_ip_cra_rsp_width_adapter"
Info: Reusing file D:/intelFPGA_lite/17.1/PCIeHello/pcie_core_mem/synthesis/submodules/altera_merlin_address_alignment.sv
Info: Reusing file D:/intelFPGA_lite/17.1/PCIeHello/pcie_core_mem/synthesis/submodules/altera_merlin_burst_uncompressor.sv
Info: avalon_st_adapter: "mm_interconnect_0" instantiated altera_avalon_st_adapter "avalon_st_adapter"
Info: avalon_st_adapter_004: "mm_interconnect_0" instantiated altera_avalon_st_adapter "avalon_st_adapter_004"
Info: avalon_st_adapter_005: "mm_interconnect_0" instantiated altera_avalon_st_adapter "avalon_st_adapter_005"
Info: error_adapter_0: "avalon_st_adapter" instantiated error_adapter "error_adapter_0"
Info: error_adapter_0: "avalon_st_adapter_004" instantiated error_adapter "error_adapter_0"
Info: error_adapter_0: "avalon_st_adapter_005" instantiated error_adapter "error_adapter_0"
Info: pcie_core_mem: Done "pcie_core_mem" with 36 modules, 75 files
Info: qsys-generate succeeded.
Info: Finished: Create HDL design files for synthesis
