Flow report for PCIeHello
Fri Mar 02 01:33:28 2018
Quartus Prime Version 17.1.0 Build 590 10/25/2017 SJ Lite Edition


---------------------
; Table of Contents ;
---------------------
  1. Legal Notice
  2. Flow Summary
  3. Flow Settings
  4. Flow Non-Default Global Settings
  5. Flow Elapsed Time
  6. Flow OS Summary
  7. Flow Log
  8. Flow Messages
  9. Flow Suppressed Messages



----------------
; Legal Notice ;
----------------
Copyright (C) 2017  Intel Corporation. All rights reserved.
Your use of Intel Corporation's design tools, logic functions 
and other software and tools, and its AMPP partner logic 
functions, and any output files from any of the foregoing 
(including device programming or simulation files), and any 
associated documentation or information are expressly subject 
to the terms and conditions of the Intel Program License 
Subscription Agreement, the Intel Quartus Prime License Agreement,
the Intel FPGA IP License Agreement, or other applicable license
agreement, including, without limitation, that your use is for
the sole purpose of programming logic devices manufactured by
Intel and sold by Intel or its authorized distributors.  Please
refer to the applicable agreement for further details.



+----------------------------------------------------------------------------------+
; Flow Summary                                                                     ;
+------------------------------------+---------------------------------------------+
; Flow Status                        ; Successful - Fri Mar 02 01:33:28 2018       ;
; Quartus Prime Version              ; 17.1.0 Build 590 10/25/2017 SJ Lite Edition ;
; Revision Name                      ; PCIeHello                                   ;
; Top-level Entity Name              ; pcie_core_mem                               ;
; Family                             ; Cyclone IV GX                               ;
; Device                             ; EP4CGX150DF31C8                             ;
; Timing Models                      ; Final                                       ;
; Total logic elements               ; 5,788 / 149,760 ( 4 % )                     ;
;     Total combinational functions  ; 4,953 / 149,760 ( 3 % )                     ;
;     Dedicated logic registers      ; 3,565 / 149,760 ( 2 % )                     ;
; Total registers                    ; 3565                                        ;
; Total pins                         ; 7 / 508 ( 1 % )                             ;
; Total virtual pins                 ; 0                                           ;
; Total memory bits                  ; 120,192 / 6,635,520 ( 2 % )                 ;
; Embedded Multiplier 9-bit elements ; 0 / 720 ( 0 % )                             ;
; Total GXB Receiver Channel PCS     ; 1 / 8 ( 13 % )                              ;
; Total GXB Receiver Channel PMA     ; 1 / 8 ( 13 % )                              ;
; Total GXB Transmitter Channel PCS  ; 1 / 8 ( 13 % )                              ;
; Total GXB Transmitter Channel PMA  ; 1 / 8 ( 13 % )                              ;
; Total PLLs                         ; 1 / 8 ( 13 % )                              ;
+------------------------------------+---------------------------------------------+


+-----------------------------------------+
; Flow Settings                           ;
+-------------------+---------------------+
; Option            ; Setting             ;
+-------------------+---------------------+
; Start date & time ; 03/02/2018 01:29:22 ;
; Main task         ; Compilation         ;
; Revision Name     ; PCIeHello           ;
+-------------------+---------------------+


+-------------------------------------------------------------------------------------------------------------------------------+
; Flow Non-Default Global Settings                                                                                              ;
+-------------------------------------+----------------------------------------+---------------+---------------+----------------+
; Assignment Name                     ; Value                                  ; Default Value ; Entity Name   ; Section Id     ;
+-------------------------------------+----------------------------------------+---------------+---------------+----------------+
; COMPILER_SIGNATURE_ID               ; 90471785997595.151992896105456         ; --            ; --            ; --             ;
; EDA_OUTPUT_DATA_FORMAT              ; Verilog Hdl                            ; --            ; --            ; eda_simulation ;
; EDA_SIMULATION_TOOL                 ; ModelSim (Verilog)                     ; <None>        ; --            ; --             ;
; EDA_TIME_SCALE                      ; 1 ps                                   ; --            ; --            ; eda_simulation ;
; MAX_CORE_JUNCTION_TEMP              ; 85                                     ; --            ; --            ; --             ;
; MIN_CORE_JUNCTION_TEMP              ; 0                                      ; --            ; --            ; --             ;
; NOMINAL_CORE_SUPPLY_VOLTAGE         ; 1.2V                                   ; --            ; --            ; --             ;
; PARTITION_COLOR                     ; -- (Not supported for targeted family) ; --            ; pcie_core_mem ; Top            ;
; PARTITION_FITTER_PRESERVATION_LEVEL ; -- (Not supported for targeted family) ; --            ; pcie_core_mem ; Top            ;
; PARTITION_NETLIST_TYPE              ; -- (Not supported for targeted family) ; --            ; pcie_core_mem ; Top            ;
; POWER_BOARD_THERMAL_MODEL           ; None (CONSERVATIVE)                    ; --            ; --            ; --             ;
; POWER_PRESET_COOLING_SOLUTION       ; 23 MM HEAT SINK WITH 200 LFPM AIRFLOW  ; --            ; --            ; --             ;
; PROJECT_OUTPUT_DIRECTORY            ; output_files                           ; --            ; --            ; --             ;
; TOP_LEVEL_ENTITY                    ; pcie_core_mem                          ; PCIeHello     ; --            ; --             ;
+-------------------------------------+----------------------------------------+---------------+---------------+----------------+


+-------------------------------------------------------------------------------------------------------------------------------+
; Flow Elapsed Time                                                                                                             ;
+---------------------------+--------------+-------------------------+---------------------+------------------------------------+
; Module Name               ; Elapsed Time ; Average Processors Used ; Peak Virtual Memory ; Total CPU Time (on all processors) ;
+---------------------------+--------------+-------------------------+---------------------+------------------------------------+
; Analysis & Synthesis      ; 00:01:58     ; 1.0                     ; 863 MB              ; 00:03:15                           ;
; Fitter                    ; 00:00:52     ; 1.0                     ; 1540 MB             ; 00:01:06                           ;
; Assembler                 ; 00:00:08     ; 1.0                     ; 644 MB              ; 00:00:08                           ;
; TimeQuest Timing Analyzer ; 00:00:07     ; 1.1                     ; 846 MB              ; 00:00:07                           ;
; EDA Netlist Writer        ; 00:00:53     ; 1.0                     ; 690 MB              ; 00:00:53                           ;
; Total                     ; 00:03:58     ; --                      ; --                  ; 00:05:29                           ;
+---------------------------+--------------+-------------------------+---------------------+------------------------------------+


+------------------------------------------------------------------------------------------+
; Flow OS Summary                                                                          ;
+---------------------------+------------------+-------------+------------+----------------+
; Module Name               ; Machine Hostname ; OS Name     ; OS Version ; Processor type ;
+---------------------------+------------------+-------------+------------+----------------+
; Analysis & Synthesis      ; Tung             ; Windows 8.1 ; 6.3        ; x86_64         ;
; Fitter                    ; Tung             ; Windows 8.1 ; 6.3        ; x86_64         ;
; Assembler                 ; Tung             ; Windows 8.1 ; 6.3        ; x86_64         ;
; TimeQuest Timing Analyzer ; Tung             ; Windows 8.1 ; 6.3        ; x86_64         ;
; EDA Netlist Writer        ; Tung             ; Windows 8.1 ; 6.3        ; x86_64         ;
+---------------------------+------------------+-------------+------------+----------------+


------------
; Flow Log ;
------------
quartus_map --read_settings_files=on --write_settings_files=off PCIeHello -c PCIeHello
quartus_fit --read_settings_files=off --write_settings_files=off PCIeHello -c PCIeHello
quartus_asm --read_settings_files=off --write_settings_files=off PCIeHello -c PCIeHello
quartus_sta PCIeHello -c PCIeHello
quartus_eda --read_settings_files=off --write_settings_files=off PCIeHello -c PCIeHello



